MPASM  5.01                           LCD.ASM   4-28-2011  12:39:56         PAGE  1


LOC  OBJECT CODE     LINE SOURCE TEXT
  VALUE

                      00001 #include "p16f84.inc"
                      00001         LIST
                      00002 ; P16F84.INC  Standard Header File, Version 2.00    Microchip Technology, Inc.
                      00136         LIST
                      00002 
                      00003 #define ENABLE       bsf PORTA,2        ;Activa E
                      00004 #define DISABLE      bcf PORTA,2        ;Desactiva
                      00005 #define LEER         bsf PORTA,1        ;Pone LCD en Modo RD
                      00006 #define ESCRIBIR     bcf PORTA,1        ;Pone LCD en Modo WR
                      00007 #define OFF_COMANDO  bcf PORTA,0        ;Desactiva RS (modo comando)
                      00008 #define ON_COMANDO   bsf PORTA,0        ;Activa RS
                      00009 
Warning[205]: Found directive in column 1. (GLOBAL)
  0000                00010 GLOBAL DISPLAY_CONF, BORRA_Y_HOME, LCD_DATO,LCD_REG, LCD_INI
                      00011 
  00000000            00012 LCDX_S  equ     00h     ;Portb es salida en el pic
  000000FF            00013 LCDB_E  equ     0ffh    ;Portb es entrada en el pic
                      00014 
                      00015 
                      00016 lcd_data        udata_ovr
0000                  00017 Lcd_Temp_1      res     1       ;Para la espera del LCD.
0001                  00018 Lcd_Temp_2      res     1       ;Para la espera del LCD.
                      00019 
                      00020 
                      00021 lcd     code
                      00022 ;_-_-_-_-_-_-_-_-_-_-_-_-_ Rutinas de impresión en el LCD -_-_-_-_-_-_-_-_-_-_-_-_-_-
                      00023 ;
                      00024 ;**************************************************************************
                      00025 ;UP_LCD: Configuración PIC para el LCD.
                      00026 ;
0000                  00027 UP_LCD              
0000   1683           00028                                 bsf     STATUS,RP0      ;Banco 1
0001   0186           00029                 clrf    PORTB           ;RB <0-7> salidas digitales
0002   0185           00030                 clrf    PORTA           ;RA <0-7> salidas digitales
0003   1283           00031                 bcf     STATUS,RP0      ;Banco 0
0004   1005           00032                 OFF_COMANDO             ;RS=0
0005   1105           00033                 DISABLE                 ;E=0
0006   0008           00034                 return
                      00035 ;
                      00036 ;**************************************************************************
                      00037 ;LCD_BUSY: Lectura del Flag Busy y la dirección.
                      00038 ;
0007   1485           00039 LCD_BUSY        LEER                    ;Pone el LCD en Modo RD
0008   1683           00040                 bsf     STATUS,RP0
0009   30FF           00041                 movlw   H'FF'
000A   0086           00042                 movwf   PORTB           ;Puerta B como entrada
000B   1283           00043                 bcf     STATUS,RP0      ;Selecciona el banco 0
000C   1505           00044                 ENABLE                  ;Activa el LCD
000D   0000           00045                 nop
000E   1B86           00046                 btfsc   PORTB,7         ;Chequea bit de Busy
000F   2???           00047                 goto    $-1
0010   1105           00048                 DISABLE                 ;Desactiva LCD
0011   1683           00049                 bsf     STATUS,RP0
MPASM  5.01                           LCD.ASM   4-28-2011  12:39:56         PAGE  2


LOC  OBJECT CODE     LINE SOURCE TEXT
  VALUE

0012   0186           00050                 clrf    PORTB           ;Puerta B salida
0013   1283           00051                 bcf     STATUS,RP0
0014   1085           00052                 ESCRIBIR                ;Pone LCD en modo WR
0015   0008           00053                 return
                      00054 
                      00055 ;
                      00056 ;**************************************************************************
                      00057 ;LCD_E: Pulso de Enable
                      00058 ;
0016   1505           00059 LCD_E           ENABLE                  ;Activa E
0017   0000           00060                 nop
0018   1105           00061                 DISABLE                 ;Desactiva E
0019   0000           00062                 nop 
                      00063         ;       ENABLE
001A   0008           00064                 return
                      00065 ;
                      00066 ;**************************************************************************
                      00067 ;LCD_DATO: Escritura de datos en DDRAM o CGRAM
                      00068 ;
001B   2???           00069 LCD_DATO        call UP_LCD             ;Configura los puertos
001C   0086           00070                 movwf   PORTB           ;Valor ASCII a sacar por portb
001D   2???           00071                 call    LCD_BUSY        ;Espera a que se libere el LCD
001E   1405           00072                 ON_COMANDO              ;Activa RS (modo dato).
001F   2???           00073                 goto    LCD_E           ;Genera pulso de E
                      00074 
                      00075 ;**************************************************************************
                      00076 ;LCD_REG: Escritura de comandos del LCD
                      00077 ;W=Código de comando para el LCD
                      00078 ;W ==> portb
                      00079 ;
0020   2???           00080 LCD_REG         call UP_LCD             ;Configura los puertos
0021   0086           00081                 movwf   PORTB           ;Código de comando.
0022   2???           00082                 call    LCD_BUSY        ;LCD libre?.
0023   2???           00083                 goto    LCD_E           ;SI.Genera pulso de E.
                      00084 
0024   1005           00085 LCD_REG_2       OFF_COMANDO             ;Desactiva RS (modo comando)
0025   0086           00086                 movwf   PORTB           ;Código de comando.
0026   2???           00087                 goto    LCD_E           ;SI.Genera pulso de E.
                      00088 ;
                      00089 ;**************************************************************************
                      00090 ;LCD_INI_2: inicialización del LCD 
                      00091 ;
0027                  00092 LCD_INI
0027   2???           00093 LCD_INI_2       call UP_LCD                     ;Configura los puertos
0028   3038           00094                 movlw   b'00111000'
0029   2???           00095                 call    LCD_REG_2               ;Código de instrucción
002A   2???           00096                 call    LCD_DELAY               ;Temporiza
002B   3038           00097                 movlw   b'00111000'
002C   2???           00098                 call    LCD_REG_2               ;Código de instrucción
002D   3001           00099                 movlw   d'1'
002E   2???           00100                 call    LCD_DELAY_2             ;Temporiza
002F   3038           00101                 movlw   b'00111000'
0030   2???           00102                 call    LCD_REG_2               ;Código de instrucción
MPASM  5.01                           LCD.ASM   4-28-2011  12:39:56         PAGE  3


LOC  OBJECT CODE     LINE SOURCE TEXT
  VALUE

0031   3001           00103                 movlw   d'1'
0032   2???           00104                 call    LCD_DELAY_2             ;Temporiza
                      00105 
                      00106 ;
                      00107 ;**************************************************************************
                      00108 ;BORRA_Y_HOME: Borra el display y retorna el cursor a la posición 0 
                      00109 ;
0033   3001           00110 BORRA_Y_HOME    movlw   b'00000001'     ;Borra LCD y Home.
0034   2???           00111                 call    LCD_REG
0035   0008           00112                 return
                      00113 ;
                      00114 ;**************************************************************************
                      00115 ;DISPLAY_ON_CUR_OFF: Control ON/OFF del display y cursor.
                      00116 ;Activa Display desactiva cursor.
                      00117 
0036   2???           00118 DISPLAY_CONF    call UP_LCD
0037   3038           00119                 movlw   b'00111000'     ;LCD de 2 lineas, caracter 5x7.
0038   2???           00120                 call    LCD_REG 
0039   300C           00121                 movlw   b'00001100'     ;LCD on,cursor off.
003A   2???           00122                 call    LCD_REG
003B   3006           00123                 movlw   b'00000110'     ;LCD autoincremento sin desplazamiento.
003C   2???           00124                 call    LCD_REG
003D   0008           00125                 return
                      00126 
                      00127 ;
                      00128 ;**************************************************************************
                      00129 ;LCD_DELAY: Rutina de temporización de unos 5 mS para W=d'16'
                      00130 ;LCD_DELAY_2: Rutina de temporización a la que le pasamos el parámetro en W
                      00131 ;
                      00132 
003E   2???           00133 LCD_DELAY_2:    goto    Delay_start     
003F   300A           00134 LCD_DELAY:      movlw   .10
0040   00??           00135 Delay_start     movwf   Lcd_Temp_1
0041   01??           00136                 clrf    Lcd_Temp_2
0042   0B??           00137 LCD_DELAY_1:    decfsz  Lcd_Temp_2,F
0043   2???           00138                 goto    LCD_DELAY_1
0044   0B??           00139                 decfsz  Lcd_Temp_1,F
0045   2???           00140                 goto    LCD_DELAY_1
0046   0008           00141                 return
                      00142         end
MPASM  5.01                           LCD.ASM   4-28-2011  12:39:56         PAGE  4


SYMBOL TABLE
  LABEL                             VALUE 

BORRA_Y_HOME                      00000033
C                                 00000000
DC                                00000001
DISABLE                           bcf PORTA,2
DISPLAY_CONF                      00000036
Delay_start                       00000040
EEADR                             00000009
EECON1                            00000088
EECON2                            00000089
EEDATA                            00000008
EEIE                              00000006
EEIF                              00000004
ENABLE                            bsf PORTA,2
ESCRIBIR                          bcf PORTA,1
F                                 00000001
FSR                               00000004
GIE                               00000007
INDF                              00000000
INTCON                            0000000B
INTE                              00000004
INTEDG                            00000006
INTF                              00000001
IRP                               00000007
LCDB_E                            000000FF
LCDX_S                            00000000
LCD_BUSY                          00000007
LCD_DATO                          0000001B
LCD_DELAY                         0000003F
LCD_DELAY_1                       00000042
LCD_DELAY_2                       0000003E
LCD_E                             00000016
LCD_INI                           00000027
LCD_INI_2                         00000027
LCD_REG                           00000020
LCD_REG_2                         00000024
LEER                              bsf PORTA,1
Lcd_Temp_1                        00000000
Lcd_Temp_2                        00000001
NOT_PD                            00000003
NOT_RBPU                          00000007
NOT_TO                            00000004
OFF_COMANDO                       bcf PORTA,0
ON_COMANDO                        bsf PORTA,0
OPTION_REG                        00000081
PCL                               00000002
PCLATH                            0000000A
PORTA                             00000005
PORTB                             00000006
PS0                               00000000
PS1                               00000001
PS2                               00000002
PSA                               00000003
RBIE                              00000003
MPASM  5.01                           LCD.ASM   4-28-2011  12:39:56         PAGE  5


SYMBOL TABLE
  LABEL                             VALUE 

RBIF                              00000000
RD                                00000000
RP0                               00000005
RP1                               00000006
STATUS                            00000003
T0CS                              00000005
T0IE                              00000005
T0IF                              00000002
T0SE                              00000004
TMR0                              00000001
TRISA                             00000085
TRISB                             00000086
UP_LCD                            00000000
W                                 00000000
WR                                00000001
WREN                              00000002
WRERR                             00000003
Z                                 00000002
_CP_OFF                           00003FFF
_CP_ON                            0000000F
_HS_OSC                           00003FFE
_LP_OSC                           00003FFC
_PWRTE_OFF                        00003FFF
_PWRTE_ON                         00003FF7
_RC_OSC                           00003FFF
_WDT_OFF                          00003FFB
_WDT_ON                           00003FFF
_XT_OSC                           00003FFD
__16F84                           00000001
_lcd_000F                         0000000F

Errors   :     0
Warnings :     1 reported,     0 suppressed
Messages :     0 reported,     0 suppressed

