MPASM  5.01                         P2_84.ASM   4-28-2011  12:39:59         PAGE  1


LOC  OBJECT CODE     LINE SOURCE TEXT
  VALUE

                      00001                 List    p=16f84
                      00002                 include "P16F84.INC"
                      00001         LIST
                      00002 ; P16F84.INC  Standard Header File, Version 2.00    Microchip Technology, Inc.
                      00136         LIST
                      00003                 include "lcd.inc"
                      00001 ;*******************************
                      00002 ;LCD.INC
                      00003 ;ARCHIVO DE CABECERA DE LCD.LIB
                      00004 ;*******************************
                      00005 
Warning[205]: Found directive in column 1. (EXTERN)
  0000                00006 EXTERN DISPLAY_CONF, BORRA_Y_HOME, LCD_DATO,LCD_REG, LCD_INI
                      00007 
                      00008 ;*********************************
                      00009 ;LCD_INI: Inicializa el display. Imprescindible ejecutar antes
                      00010 ;         de usar el resto de las rutinas. Sin parametros.
                      00011 ;DISPLAY_CONF: Inicializa el display a dos lineas, cursor des-
                      00012 ;         activado, autoincremento.
                      00013 ;BORRA_Y_HOME: Borra la pantalla y vuelve el punto de entrada a
                      00014 ;         cero.
                      00015 ;LCD_REG: Envía como comando el contenido de w
                      00016 ;LCD_DATO: Envía como dato el contenido de w
                      00017 ;**********************************
                      00018 ;Estas rutinas modifican el estado de los puertos. Usan dos
                      00019 ;registros de memoria
                      00020 
                      00021 
                      00004 
Warning[205]: Found directive in column 1. (__CONFIG)
2007   3FFB           00005 __CONFIG _WDT_OFF & _RC_OSC
                      00006 
                      00007 
  0000000D            00008 Iter    equ     0x0d
  0000000E            00009 Iter2   equ     0x0e
                      00010 
                      00011                 org     0x00
0000   2???           00012                 goto    Inicio
                      00013 
                      00014 
                      00015                 org             0x05
0005   0782           00016 Menu1   addwf   PCL, F
0006   3474           00017                 retlw   't'
0007   3478           00018                 retlw   'x'
0008   3474           00019                 retlw   't'
0009   3431           00020                 retlw   '1'
000A   3420           00021                 retlw   ' '
000B   3469           00022                 retlw   'i'
000C   347A           00023                 retlw   'z'
000D   3420           00024                 retlw   ' '
000E   3474           00025                 retlw   't'
000F   3478           00026                 retlw   'x'
0010   3474           00027                 retlw   't'
MPASM  5.01                         P2_84.ASM   4-28-2011  12:39:59         PAGE  2


LOC  OBJECT CODE     LINE SOURCE TEXT
  VALUE

0011   3431           00028                 retlw   '1'
0012   3420           00029                 retlw   ' '
0013   3464           00030                 retlw   'd'
0014   3465           00031                 retlw   'e'
                      00032                 ; Cabe 18 caracteres
                      00033                 
                      00034 
0015   0782           00035 Menu2   addwf   PCL, F
0016   3474           00036                 retlw   't'
0017   3478           00037                 retlw   'x'
0018   3474           00038                 retlw   't'
0019   3432           00039                 retlw   '2'
001A   3420           00040                 retlw   ' '
001B   3469           00041                 retlw   'i'
001C   347A           00042                 retlw   'z'
001D   3420           00043                 retlw   ' '
001E   3474           00044                 retlw   't'
001F   3478           00045                 retlw   'x'
0020   3474           00046                 retlw   't'
0021   3432           00047                 retlw   '2'
0022   3420           00048                 retlw   ' '
0023   3464           00049                 retlw   'd'
0024   3465           00050                 retlw   'e'
                      00051 
0025                  00052 Inicio  
                      00053         
                      00054 ;               call LCD_INI
                      00055         
                      00056 ;               call DISPLAY_CONF
                      00057 
0025   3000           00058                 movlw 0                 
0026   088D           00059                 movf Iter,1
                      00060 
                      00061 ;               movlw 'h'
                      00062 ;               call LCD_DATO           
                      00063 ;               goto Segundo
                      00064 
                      00065 ;       movlw b'11000000'
                      00066 ;               call LCD_REG
                      00067 
0027                  00068 Imprime          
                      00069 
0027   080D           00070                 movf Iter,0
                      00071         
0028   2???           00072                 call Menu1
                      00073        
                      00074 ;               call LCD_DATO
                      00075         
0029   0A8D           00076                 incf Iter,1
                      00077                 
                      00078                 ;movlw 15
002A   300E           00079         movlw 0x0e  
                      00080 
MPASM  5.01                         P2_84.ASM   4-28-2011  12:39:59         PAGE  3


LOC  OBJECT CODE     LINE SOURCE TEXT
  VALUE

002B   020D           00081                 subwf Iter,0
                      00082                 
                      00083         
002C   1903           00084                 btfsc STATUS, Z
                      00085                 
002D   2???           00086                 goto Segundo 
                      00087                 ;goto Aqui
                      00088         ; Imprimimos las segunda línea
                      00089         
002E   2???           00090                 goto Imprime
                      00091 
002F                  00092 Segundo
002F   3000           00093                 movlw 0                 
0030   088E           00094                 movf Iter2,1
                      00095 
                      00096 ;               movlw b'10000000'
                      00097 ;               call LCD_REG
                      00098 
                      00099                 
0031                  00100 Imprime2  
0031   080E           00101                 movf Iter2,0
                      00102         
0032   2???           00103                 call Menu2
                      00104       
                      00105 ;               call LCD_DATO
                      00106                 
                      00107         
0033   0A8E           00108                 incf Iter2,1
                      00109                 
                      00110                 ;movlw 15
0034   300E           00111         movlw 0x0e      
                      00112 
0035   020E           00113                 subwf Iter2,0
                      00114                 
                      00115         
0036   1903           00116                 btfsc STATUS, Z
                      00117                 
0037   2???           00118                 goto Aqui
                      00119         
                      00120         
0038   2???           00121                 goto Imprime2
                      00122                 
0039   2???           00123 Aqui    goto Aqui
                      00124 
                      00125                 end
MPASM  5.01                         P2_84.ASM   4-28-2011  12:39:59         PAGE  4


SYMBOL TABLE
  LABEL                             VALUE 

Aqui                              00000039
BORRA_Y_HOME                      00000000
C                                 00000000
DC                                00000001
DISPLAY_CONF                      00000000
EEADR                             00000009
EECON1                            00000088
EECON2                            00000089
EEDATA                            00000008
EEIE                              00000006
EEIF                              00000004
F                                 00000001
FSR                               00000004
GIE                               00000007
INDF                              00000000
INTCON                            0000000B
INTE                              00000004
INTEDG                            00000006
INTF                              00000001
IRP                               00000007
Imprime                           00000027
Imprime2                          00000031
Inicio                            00000025
Iter                              0000000D
Iter2                             0000000E
LCD_DATO                          00000000
LCD_INI                           00000000
LCD_REG                           00000000
Menu1                             00000005
Menu2                             00000015
NOT_PD                            00000003
NOT_RBPU                          00000007
NOT_TO                            00000004
OPTION_REG                        00000081
PCL                               00000002
PCLATH                            0000000A
PORTA                             00000005
PORTB                             00000006
PS0                               00000000
PS1                               00000001
PS2                               00000002
PSA                               00000003
RBIE                              00000003
RBIF                              00000000
RD                                00000000
RP0                               00000005
RP1                               00000006
STATUS                            00000003
Segundo                           0000002F
T0CS                              00000005
T0IE                              00000005
T0IF                              00000002
T0SE                              00000004
MPASM  5.01                         P2_84.ASM   4-28-2011  12:39:59         PAGE  5


SYMBOL TABLE
  LABEL                             VALUE 

TMR0                              00000001
TRISA                             00000085
TRISB                             00000086
W                                 00000000
WR                                00000001
WREN                              00000002
WRERR                             00000003
Z                                 00000002
_CP_OFF                           00003FFF
_CP_ON                            0000000F
_HS_OSC                           00003FFE
_LP_OSC                           00003FFC
_PWRTE_OFF                        00003FFF
_PWRTE_ON                         00003FF7
_RC_OSC                           00003FFF
_WDT_OFF                          00003FFB
_WDT_ON                           00003FFF
_XT_OSC                           00003FFD
__16F84                           00000001

Errors   :     0
Warnings :     2 reported,     0 suppressed
Messages :     0 reported,     0 suppressed

